******2023-01-08 20:51:10,512 - testdemo - test_demo04.py,line 80 - INFO: 请求数据：{'createBy': 1326497106551934978, 'createName': '叶嘉俊', 'currentRate': 45, 'id': '', 'isDefault': 2, 'modifiedBy': 1326497106551934978, 'modifiedName': '叶嘉俊', 'role': 1, 'schemeName': 'mAOY', 'superRate': 11, 'supersRate': 50}
******2023-01-08 20:51:10,618 - testdemo - test_demo04.py,line 84 - INFO: 响应数据：{'code': 0, 'message': '添加成功！', 'path': None, 'data': {}, 'extra': {}, 'timestamp': '1673182271968'}
******2023-01-08 20:51:10,621 - testdemo - test_demo04.py,line 80 - INFO: 请求数据：{'createBy': 1326497106551934978, 'createName': '叶嘉俊', 'currentRate': 2, 'id': '', 'isDefault': 2, 'modifiedBy': 1326497106551934978, 'modifiedName': '叶嘉俊', 'role': 6, 'schemeName': 'ZqYE', 'superRate': 36, 'supersRate': 43}
******2023-01-08 20:51:10,740 - testdemo - test_demo04.py,line 84 - INFO: 响应数据：{'code': 0, 'message': '添加成功！', 'path': None, 'data': {}, 'extra': {}, 'timestamp': '1673182272082'}
******2023-01-08 20:51:10,742 - testdemo - test_demo04.py,line 80 - INFO: 请求数据：{'createBy': 1326497106551934978, 'createName': '叶嘉俊', 'currentRate': 50, 'id': '', 'isDefault': 2, 'modifiedBy': 1326497106551934978, 'modifiedName': '叶嘉俊', 'role': 8, 'schemeName': 'nlEB', 'superRate': 45, 'supersRate': 21}
******2023-01-08 20:51:10,835 - testdemo - test_demo04.py,line 84 - INFO: 响应数据：{'code': 0, 'message': '添加成功！', 'path': None, 'data': {}, 'extra': {}, 'timestamp': '1673182272183'}
******2023-01-08 20:51:10,837 - testdemo - test_demo04.py,line 80 - INFO: 请求数据：{'createBy': 1326497106551934978, 'createName': '叶嘉俊', 'currentRate': 37, 'id': '', 'isDefault': 2, 'modifiedBy': 1326497106551934978, 'modifiedName': '叶嘉俊', 'role': 9, 'schemeName': 'nkND', 'superRate': 5, 'supersRate': 39}
******2023-01-08 20:51:10,918 - testdemo - test_demo04.py,line 84 - INFO: 响应数据：{'code': 0, 'message': '添加成功！', 'path': None, 'data': {}, 'extra': {}, 'timestamp': '1673182272266'}
******2023-01-08 21:26:21,605 - testdemo - test_demo04.py,line 138 - INFO: 请求数据：{'createBy': 1326497106551934978, 'createName': '叶嘉俊', 'currentRate': 8, 'id': '', 'isDefault': 2, 'modifiedBy': 1326497106551934978, 'modifiedName': '叶嘉俊', 'role': 2, 'schemeName': '团长18xL', 'superRate': 5, 'supersRate': 15}
******2023-01-08 21:26:21,724 - testdemo - test_demo04.py,line 142 - INFO: 响应数据：{'code': 1000, 'message': '角色参数有误', 'path': None, 'data': {}, 'extra': {}, 'timestamp': '1673184383072'}
******2023-01-08 21:26:21,793 - testdemo - test_demo04.py,line 138 - INFO: 请求数据：{'createBy': 1326497106551934978, 'createName': '叶嘉俊', 'currentRate': 70, 'id': '', 'isDefault': 2, 'modifiedBy': 1326497106551934978, 'modifiedName': '叶嘉俊', 'role': 6, 'schemeName': '渠道代理商k4Hf', 'superRate': 18, 'supersRate': 46}
******2023-01-08 21:26:21,888 - testdemo - test_demo04.py,line 142 - INFO: 响应数据：{'code': 1000, 'message': '提成比例不合理，限制在0到50', 'path': None, 'data': {}, 'extra': {}, 'timestamp': '1673184383240'}
******2023-01-08 21:26:21,896 - testdemo - test_demo04.py,line 138 - INFO: 请求数据：{'createBy': 1326497106551934978, 'createName': '叶嘉俊', 'currentRate': 14, 'id': '', 'isDefault': 2, 'modifiedBy': 1326497106551934978, 'modifiedName': '叶嘉俊', 'role': 6, 'schemeName': '渠道代理商soNL', 'superRate': 68, 'supersRate': 16}
******2023-01-08 21:26:21,972 - testdemo - test_demo04.py,line 142 - INFO: 响应数据：{'code': 1000, 'message': '提成比例不合理，限制在0到50', 'path': None, 'data': {}, 'extra': {}, 'timestamp': '1673184383325'}
******2023-01-08 21:27:45,837 - testdemo - test_demo04.py,line 138 - INFO: 请求数据：{'createBy': 1326497106551934978, 'createName': '叶嘉俊', 'currentRate': 36, 'id': '', 'isDefault': 2, 'modifiedBy': 1326497106551934978, 'modifiedName': '叶嘉俊', 'role': 5, 'schemeName': '团长yjvG', 'superRate': 21, 'supersRate': 43}
******2023-01-08 21:27:45,969 - testdemo - test_demo04.py,line 142 - INFO: 响应数据：{'code': 5007, 'message': '团长提成方案只能存在一种！', 'path': '/commission/add', 'data': {}, 'extra': {}, 'timestamp': '1673184467317'}
******2023-01-08 21:27:46,038 - testdemo - test_demo04.py,line 138 - INFO: 请求数据：{'createBy': 1326497106551934978, 'createName': '叶嘉俊', 'currentRate': 83, 'id': '', 'isDefault': 2, 'modifiedBy': 1326497106551934978, 'modifiedName': '叶嘉俊', 'role': 6, 'schemeName': '渠道代理商uX39', 'superRate': 48, 'supersRate': 31}
******2023-01-08 21:27:46,113 - testdemo - test_demo04.py,line 142 - INFO: 响应数据：{'code': 1000, 'message': '提成比例不合理，限制在0到50', 'path': None, 'data': {}, 'extra': {}, 'timestamp': '1673184467466'}
******2023-01-08 21:27:46,122 - testdemo - test_demo04.py,line 138 - INFO: 请求数据：{'createBy': 1326497106551934978, 'createName': '叶嘉俊', 'currentRate': 32, 'id': '', 'isDefault': 2, 'modifiedBy': 1326497106551934978, 'modifiedName': '叶嘉俊', 'role': 6, 'schemeName': '渠道代理商pxXY', 'superRate': 51, 'supersRate': 42}
******2023-01-08 21:27:46,210 - testdemo - test_demo04.py,line 142 - INFO: 响应数据：{'code': 1000, 'message': '提成比例不合理，限制在0到50', 'path': None, 'data': {}, 'extra': {}, 'timestamp': '1673184467563'}
******2023-01-08 21:28:17,857 - testdemo - test_demo04.py,line 138 - INFO: 请求数据：{'createBy': 1326497106551934978, 'createName': '叶嘉俊', 'currentRate': 1, 'id': '', 'isDefault': 2, 'modifiedBy': 1326497106551934978, 'modifiedName': '叶嘉俊', 'role': 5, 'schemeName': '团长TvXs', 'superRate': 7, 'supersRate': 21}
******2023-01-08 21:28:17,962 - testdemo - test_demo04.py,line 142 - INFO: 响应数据：{'code': 5007, 'message': '团长提成方案只能存在一种！', 'path': '/commission/add', 'data': {}, 'extra': {}, 'timestamp': '1673184499314'}
******2023-01-08 21:28:17,964 - testdemo - test_demo04.py,line 138 - INFO: 请求数据：{'createBy': 1326497106551934978, 'createName': '叶嘉俊', 'currentRate': 82, 'id': '', 'isDefault': 2, 'modifiedBy': 1326497106551934978, 'modifiedName': '叶嘉俊', 'role': 6, 'schemeName': '渠道代理商Uy6d', 'superRate': 40, 'supersRate': 2}
******2023-01-08 21:28:18,080 - testdemo - test_demo04.py,line 142 - INFO: 响应数据：{'code': 1000, 'message': '提成比例不合理，限制在0到50', 'path': None, 'data': {}, 'extra': {}, 'timestamp': '1673184499427'}
******2023-01-08 21:28:18,148 - testdemo - test_demo04.py,line 138 - INFO: 请求数据：{'createBy': 1326497106551934978, 'createName': '叶嘉俊', 'currentRate': 41, 'id': '', 'isDefault': 2, 'modifiedBy': 1326497106551934978, 'modifiedName': '叶嘉俊', 'role': 6, 'schemeName': '渠道代理商lNsr', 'superRate': 62, 'supersRate': 14}
******2023-01-08 21:28:18,244 - testdemo - test_demo04.py,line 142 - INFO: 响应数据：{'code': 1000, 'message': '提成比例不合理，限制在0到50', 'path': None, 'data': {}, 'extra': {}, 'timestamp': '1673184499592'}
******2023-01-08 21:28:59,775 - testdemo - test_demo04.py,line 138 - INFO: 请求数据：{'createBy': 1326497106551934978, 'createName': '叶嘉俊', 'currentRate': 12, 'id': '', 'isDefault': 2, 'modifiedBy': 1326497106551934978, 'modifiedName': '叶嘉俊', 'role': 5, 'schemeName': '团长rhYc', 'superRate': 44, 'supersRate': 41}
******2023-01-08 21:28:59,878 - testdemo - test_demo04.py,line 142 - INFO: 响应数据：{'code': 5007, 'message': '团长提成方案只能存在一种！', 'path': '/commission/add', 'data': {}, 'extra': {}, 'timestamp': '1673184541230'}
******2023-01-08 21:28:59,880 - testdemo - test_demo04.py,line 138 - INFO: 请求数据：{'createBy': 1326497106551934978, 'createName': '叶嘉俊', 'currentRate': 88, 'id': '', 'isDefault': 2, 'modifiedBy': 1326497106551934978, 'modifiedName': '叶嘉俊', 'role': 6, 'schemeName': '渠道代理商2hyP', 'superRate': 17, 'supersRate': 4}
******2023-01-08 21:28:59,982 - testdemo - test_demo04.py,line 142 - INFO: 响应数据：{'code': 1000, 'message': '提成比例不合理，限制在0到50', 'path': None, 'data': {}, 'extra': {}, 'timestamp': '1673184541333'}
******2023-01-08 21:29:00,052 - testdemo - test_demo04.py,line 138 - INFO: 请求数据：{'createBy': 1326497106551934978, 'createName': '叶嘉俊', 'currentRate': 9, 'id': '', 'isDefault': 2, 'modifiedBy': 1326497106551934978, 'modifiedName': '叶嘉俊', 'role': 6, 'schemeName': '渠道代理商Gvxx', 'superRate': 60, 'supersRate': 28}
******2023-01-08 21:29:00,127 - testdemo - test_demo04.py,line 142 - INFO: 响应数据：{'code': 1000, 'message': '提成比例不合理，限制在0到50', 'path': None, 'data': {}, 'extra': {}, 'timestamp': '1673184541479'}
******2023-01-08 21:29:33,881 - testdemo - test_demo04.py,line 138 - INFO: 请求数据：{'createBy': 1326497106551934978, 'createName': '叶嘉俊', 'currentRate': 47, 'id': '', 'isDefault': 2, 'modifiedBy': 1326497106551934978, 'modifiedName': '叶嘉俊', 'role': 5, 'schemeName': '团长dmQO', 'superRate': 36, 'supersRate': 31}
******2023-01-08 21:29:34,004 - testdemo - test_demo04.py,line 142 - INFO: 响应数据：{'code': 5007, 'message': '团长提成方案只能存在一种！', 'path': '/commission/add', 'data': {}, 'extra': {}, 'timestamp': '1673184575351'}
******2023-01-08 21:29:34,006 - testdemo - test_demo04.py,line 138 - INFO: 请求数据：{'createBy': 1326497106551934978, 'createName': '叶嘉俊', 'currentRate': 63, 'id': '', 'isDefault': 2, 'modifiedBy': 1326497106551934978, 'modifiedName': '叶嘉俊', 'role': 6, 'schemeName': '渠道代理商2mlY', 'superRate': 47, 'supersRate': 25}
******2023-01-08 21:29:34,103 - testdemo - test_demo04.py,line 142 - INFO: 响应数据：{'code': 1000, 'message': '提成比例不合理，限制在0到50', 'path': None, 'data': {}, 'extra': {}, 'timestamp': '1673184575455'}
******2023-01-08 21:29:34,173 - testdemo - test_demo04.py,line 138 - INFO: 请求数据：{'createBy': 1326497106551934978, 'createName': '叶嘉俊', 'currentRate': 12, 'id': '', 'isDefault': 2, 'modifiedBy': 1326497106551934978, 'modifiedName': '叶嘉俊', 'role': 6, 'schemeName': '渠道代理商Kye8', 'superRate': 59, 'supersRate': 47}
******2023-01-08 21:29:34,247 - testdemo - test_demo04.py,line 142 - INFO: 响应数据：{'code': 1000, 'message': '提成比例不合理，限制在0到50', 'path': None, 'data': {}, 'extra': {}, 'timestamp': '1673184575600'}
******2023-01-08 21:29:56,771 - testdemo - test_demo04.py,line 138 - INFO: 请求数据：{'createBy': 1326497106551934978, 'createName': '叶嘉俊', 'currentRate': 38, 'id': '', 'isDefault': 2, 'modifiedBy': 1326497106551934978, 'modifiedName': '叶嘉俊', 'role': 5, 'schemeName': '团长K1Xh', 'superRate': 35, 'supersRate': 33}
******2023-01-08 21:29:56,874 - testdemo - test_demo04.py,line 142 - INFO: 响应数据：{'code': 5007, 'message': '团长提成方案只能存在一种！', 'path': '/commission/add', 'data': {}, 'extra': {}, 'timestamp': '1673184598226'}
******2023-01-08 21:29:56,876 - testdemo - test_demo04.py,line 138 - INFO: 请求数据：{'createBy': 1326497106551934978, 'createName': '叶嘉俊', 'currentRate': 68, 'id': '', 'isDefault': 2, 'modifiedBy': 1326497106551934978, 'modifiedName': '叶嘉俊', 'role': 6, 'schemeName': '渠道代理商Sc7r', 'superRate': 46, 'supersRate': 9}
******2023-01-08 21:29:56,977 - testdemo - test_demo04.py,line 142 - INFO: 响应数据：{'code': 1000, 'message': '提成比例不合理，限制在0到50', 'path': None, 'data': {}, 'extra': {}, 'timestamp': '1673184598328'}
******2023-01-08 21:29:56,979 - testdemo - test_demo04.py,line 138 - INFO: 请求数据：{'createBy': 1326497106551934978, 'createName': '叶嘉俊', 'currentRate': 10, 'id': '', 'isDefault': 2, 'modifiedBy': 1326497106551934978, 'modifiedName': '叶嘉俊', 'role': 6, 'schemeName': '渠道代理商MapT', 'superRate': 79, 'supersRate': 22}
******2023-01-08 21:29:57,096 - testdemo - test_demo04.py,line 142 - INFO: 响应数据：{'code': 1000, 'message': '提成比例不合理，限制在0到50', 'path': None, 'data': {}, 'extra': {}, 'timestamp': '1673184598444'}
